  Source.c
D:\Studovanie\ZPRPR2\Cvičenia\CV_2\CV_2\Source.c(9,12): warning C4047: return: "int" отличается по уровням косвенного обращения от "int *"
D:\Studovanie\ZPRPR2\Cvičenia\CV_2\CV_2\Source.c(13,12): warning C4047: return: "int" отличается по уровням косвенного обращения от "int *"
D:\Studovanie\ZPRPR2\Cvičenia\CV_2\CV_2\Source.c(19,9): warning C4477: "printf": в строке форматирования "%d" требуется аргумент типа "int", но вариативный аргумент "1" имеет тип "double"
D:\Studovanie\ZPRPR2\Cvičenia\CV_2\CV_2\Source.c(24,10): warning C4477: "printf": в строке форматирования "%d" требуется аргумент типа "int", но вариативный аргумент "1" имеет тип "double"
D:\Studovanie\ZPRPR2\Cvičenia\CV_2\CV_2\Source.c(24,10): warning C4477: "printf": в строке форматирования "%d" требуется аргумент типа "int", но вариативный аргумент "2" имеет тип "double"
D:\Studovanie\ZPRPR2\Cvičenia\CV_2\CV_2\Source.c(25,31): warning C4047: return: "int" отличается по уровням косвенного обращения от "double *"
D:\Studovanie\ZPRPR2\Cvičenia\CV_2\CV_2\Source.c(28,20): warning C4047: =: "int *" отличается по уровням косвенного обращения от "int"
D:\Studovanie\ZPRPR2\Cvičenia\CV_2\CV_2\Source.c(30,10): warning C4477: "printf": в строке форматирования "%d" требуется аргумент типа "int", но вариативный аргумент "1" имеет тип "double *"
D:\Studovanie\ZPRPR2\Cvičenia\CV_2\CV_2\Source.c(31,27): warning C4047: return: "int" отличается по уровням косвенного обращения от "double *"
D:\Studovanie\ZPRPR2\Cvičenia\CV_2\CV_2\Source.c(35,23): warning C4047: return: "int" отличается по уровням косвенного обращения от "int *"
D:\Studovanie\ZPRPR2\Cvičenia\CV_2\CV_2\Source.c(42,9): warning C4477: "printf": в строке форматирования "%d" требуется аргумент типа "int", но вариативный аргумент "1" имеет тип "int **"
D:\Studovanie\ZPRPR2\Cvičenia\CV_2\CV_2\Source.c(42,9): warning C4477: "printf": в строке форматирования "%d" требуется аргумент типа "int", но вариативный аргумент "2" имеет тип "int **"
D:\Studovanie\ZPRPR2\Cvičenia\CV_2\CV_2\Source.c(43,9): warning C4477: "printf": в строке форматирования "% d" требуется аргумент типа "int", но вариативный аргумент "1" имеет тип "int *"
D:\Studovanie\ZPRPR2\Cvičenia\CV_2\CV_2\Source.c(43,9): warning C4477: "printf": в строке форматирования "% d" требуется аргумент типа "int", но вариативный аргумент "2" имеет тип "int *"
D:\Studovanie\ZPRPR2\Cvičenia\CV_2\CV_2\Source.c(61,9): warning C4477: "printf": в строке форматирования "%lf" требуется аргумент типа "double", но вариативный аргумент "1" имеет тип "int *"
D:\Studovanie\ZPRPR2\Cvičenia\CV_2\CV_2\Source.c(61,9): warning C4477: "printf": в строке форматирования "%lf" требуется аргумент типа "double", но вариативный аргумент "2" имеет тип "int *"
D:\Studovanie\ZPRPR2\Cvičenia\CV_2\CV_2\Source.c(81,9): warning C4477: "printf": в строке форматирования "%d" требуется аргумент типа "int", но вариативный аргумент "1" имеет тип "int **"
D:\Studovanie\ZPRPR2\Cvičenia\CV_2\CV_2\Source.c(81,9): warning C4477: "printf": в строке форматирования "%d" требуется аргумент типа "int", но вариативный аргумент "2" имеет тип "int **"
D:\Studovanie\ZPRPR2\Cvičenia\CV_2\CV_2\Source.c(82,9): warning C4477: "printf": в строке форматирования "% d" требуется аргумент типа "int", но вариативный аргумент "1" имеет тип "int *"
D:\Studovanie\ZPRPR2\Cvičenia\CV_2\CV_2\Source.c(82,9): warning C4477: "printf": в строке форматирования "% d" требуется аргумент типа "int", но вариативный аргумент "2" имеет тип "int *"
D:\Studovanie\ZPRPR2\Cvičenia\CV_2\CV_2\Source.c(87,11): warning C4473: "scanf_s": передано недостаточно аргументов для строки формата
D:\Studovanie\ZPRPR2\Cvičenia\CV_2\CV_2\Source.c(87,11): message : заполнители и их параметры ожидают переменное число аргументов в количестве 2, но было предоставлено 1
D:\Studovanie\ZPRPR2\Cvičenia\CV_2\CV_2\Source.c(87,11): message : отсутствующий вариативный аргумент "2" требуется для строки форматирования "%c"
D:\Studovanie\ZPRPR2\Cvičenia\CV_2\CV_2\Source.c(87,11): message : этот аргумент используется в качестве размера буфера
D:\Studovanie\ZPRPR2\Cvičenia\CV_2\CV_2\Source.c(92,16): warning C4047: функция: "int *" отличается по уровням косвенного обращения от "int **"
D:\Studovanie\ZPRPR2\Cvičenia\CV_2\CV_2\Source.c(92,14): warning C4024: nacitanie: различные типы для формального и фактического параметров 1
D:\Studovanie\ZPRPR2\Cvičenia\CV_2\CV_2\Source.c(92,20): warning C4047: функция: "int *" отличается по уровням косвенного обращения от "int **"
D:\Studovanie\ZPRPR2\Cvičenia\CV_2\CV_2\Source.c(92,18): warning C4024: nacitanie: различные типы для формального и фактического параметров 2
D:\Studovanie\ZPRPR2\Cvičenia\CV_2\CV_2\Source.c(104,14): warning C4047: функция: "int *" отличается по уровням косвенного обращения от "int **"
D:\Studovanie\ZPRPR2\Cvičenia\CV_2\CV_2\Source.c(104,12): warning C4024: delenie: различные типы для формального и фактического параметров 1
D:\Studovanie\ZPRPR2\Cvičenia\CV_2\CV_2\Source.c(104,18): warning C4047: функция: "int *" отличается по уровням косвенного обращения от "int **"
D:\Studovanie\ZPRPR2\Cvičenia\CV_2\CV_2\Source.c(104,16): warning C4024: delenie: различные типы для формального и фактического параметров 2
D:\Studovanie\ZPRPR2\Cvičenia\CV_2\CV_2\Source.c(143,9): warning C4477: "printf": в строке форматирования "%d" требуется аргумент типа "int", но вариативный аргумент "1" имеет тип "int *"
D:\Studovanie\ZPRPR2\Cvičenia\CV_2\CV_2\Source.c(143,9): warning C4477: "printf": в строке форматирования "%d" требуется аргумент типа "int", но вариативный аргумент "2" имеет тип "int *"
D:\Studovanie\ZPRPR2\Cvičenia\CV_2\CV_2\Source.c(9): warning C4172: возвращение адреса локальной или временной переменной : a
D:\Studovanie\ZPRPR2\Cvičenia\CV_2\CV_2\Source.c(13): warning C4172: возвращение адреса локальной или временной переменной : b
  CV_2.vcxproj -> D:\Studovanie\ZPRPR2\Cvičenia\CV_2\Debug\CV_2.exe
